{
  "stats": {
    "suites": 1,
    "tests": 4,
    "passes": 4,
    "pending": 0,
    "failures": 0,
    "start": "2025-03-10T19:15:56.591Z",
    "end": "2025-03-10T19:15:57.581Z",
    "duration": 990,
    "testsRegistered": 4,
    "passPercent": 100,
    "pendingPercent": 0,
    "other": 0,
    "hasOther": false,
    "skipped": 0,
    "hasSkipped": false
  },
  "results": [
    {
      "uuid": "31bfa479-af30-4850-9dc9-86d1a83a5c96",
      "title": "",
      "fullFile": "cypress\\api\\apiTest.spec.js",
      "file": "cypress\\api\\apiTest.spec.js",
      "beforeHooks": [],
      "afterHooks": [],
      "tests": [],
      "suites": [
        {
          "uuid": "645c3ab6-9321-47cf-a796-8b1a5606970e",
          "title": "Teste de API com Cypress",
          "fullFile": "",
          "file": "",
          "beforeHooks": [],
          "afterHooks": [],
          "tests": [
            {
              "title": "GET - Buscar lista de posts",
              "fullTitle": "Teste de API com Cypress GET - Buscar lista de posts",
              "timedOut": null,
              "duration": 136,
              "state": "passed",
              "speed": "fast",
              "pass": true,
              "fail": false,
              "pending": false,
              "context": null,
              "code": "cy.request('GET', 'https://jsonplaceholder.typicode.com/posts').then(response => {\n  expect(response.status).to.eq(200);\n  expect(response.body).to.have.length.greaterThan(0);\n});",
              "err": {},
              "uuid": "7b483e84-98c0-4c62-bae3-a55fe989f735",
              "parentUUID": "645c3ab6-9321-47cf-a796-8b1a5606970e",
              "isHook": false,
              "skipped": false
            },
            {
              "title": "POST - Criar um novo post",
              "fullTitle": "Teste de API com Cypress POST - Criar um novo post",
              "timedOut": null,
              "duration": 392,
              "state": "passed",
              "speed": "fast",
              "pass": true,
              "fail": false,
              "pending": false,
              "context": null,
              "code": "cy.request('POST', 'https://jsonplaceholder.typicode.com/posts', {\n  title: 'Teste Cypress',\n  body: 'Este é um teste de API usando Cypress',\n  userId: 1\n}).then(response => {\n  expect(response.status).to.eq(201);\n  expect(response.body).to.have.property('id');\n});",
              "err": {},
              "uuid": "ea5c4c79-4cb5-4d11-bf17-403443071ce1",
              "parentUUID": "645c3ab6-9321-47cf-a796-8b1a5606970e",
              "isHook": false,
              "skipped": false
            },
            {
              "title": "PUT - Atualizar um post",
              "fullTitle": "Teste de API com Cypress PUT - Atualizar um post",
              "timedOut": null,
              "duration": 173,
              "state": "passed",
              "speed": "fast",
              "pass": true,
              "fail": false,
              "pending": false,
              "context": null,
              "code": "cy.request('PUT', 'https://jsonplaceholder.typicode.com/posts/1', {\n  title: 'Título Atualizado',\n  body: 'Corpo atualizado',\n  userId: 1\n}).then(response => {\n  expect(response.status).to.eq(200);\n  expect(response.body.title).to.eq('Título Atualizado');\n});",
              "err": {},
              "uuid": "7e8a20ec-727a-45a1-ba2e-d65d163bb195",
              "parentUUID": "645c3ab6-9321-47cf-a796-8b1a5606970e",
              "isHook": false,
              "skipped": false
            },
            {
              "title": "DELETE - Excluir um post",
              "fullTitle": "Teste de API com Cypress DELETE - Excluir um post",
              "timedOut": null,
              "duration": 175,
              "state": "passed",
              "speed": "fast",
              "pass": true,
              "fail": false,
              "pending": false,
              "context": null,
              "code": "cy.request('DELETE', 'https://jsonplaceholder.typicode.com/posts/1').then(response => {\n  expect(response.status).to.eq(200);\n});",
              "err": {},
              "uuid": "384800b5-fd39-4cc8-8eed-443e9c4a421b",
              "parentUUID": "645c3ab6-9321-47cf-a796-8b1a5606970e",
              "isHook": false,
              "skipped": false
            }
          ],
          "suites": [],
          "passes": [
            "7b483e84-98c0-4c62-bae3-a55fe989f735",
            "ea5c4c79-4cb5-4d11-bf17-403443071ce1",
            "7e8a20ec-727a-45a1-ba2e-d65d163bb195",
            "384800b5-fd39-4cc8-8eed-443e9c4a421b"
          ],
          "failures": [],
          "pending": [],
          "skipped": [],
          "duration": 876,
          "root": false,
          "rootEmpty": false,
          "_timeout": 2000
        }
      ],
      "passes": [],
      "failures": [],
      "pending": [],
      "skipped": [],
      "duration": 0,
      "root": true,
      "rootEmpty": true,
      "_timeout": 2000
    }
  ],
  "meta": {
    "mocha": {
      "version": "7.0.1"
    },
    "mochawesome": {
      "options": {
        "quiet": false,
        "reportFilename": "mochawesome",
        "saveHtml": true,
        "saveJson": true,
        "consoleReporter": "spec",
        "useInlineDiffs": false,
        "code": true
      },
      "version": "7.1.3"
    },
    "marge": {
      "options": {
        "reportDir": "cypress/reports overwrite=false html=false json=true"
      },
      "version": "6.2.0"
    }
  }
}